<?xml version="1.0" encoding="UTF-8"?>
<!-- Generated by org.testng.reporters.JUnitXMLReporter -->
<testsuite ignored="8" hostname="DESKTOP-1H5GCMD" failures="0" tests="1" name="Default test" time="35.237" errors="0" timestamp="2024-07-10T21:01:53 IST">
  <testcase classname="org.pom_TestCases.LoginPageTestCases" name="verifyLoginPage" time="6.962"/>
  <testcase classname="org.pom_TestCases.LoginPageTestCases" name="verify_Login_with_Wrong_Cradancial2" time="0.0">
    <ignored/>
  </testcase> <!-- verify_Login_with_Wrong_Cradancial2 -->
  <testcase classname="org.pom_TestCases.LoginPageTestCases" name="verify_Loginpage_forget_password_cancal" time="0.0">
    <ignored/>
  </testcase> <!-- verify_Loginpage_forget_password_cancal -->
  <testcase classname="org.pom_TestCases.LoginPageTestCases" name="verify_Login_with_Wrong_Cradancial" time="0.0">
    <ignored/>
  </testcase> <!-- verify_Login_with_Wrong_Cradancial -->
  <testcase classname="org.pom_TestCases.LoginPageTestCases" name="verify_Loginpage_forget_password" time="0.0">
    <ignored/>
  </testcase> <!-- verify_Loginpage_forget_password -->
  <testcase classname="org.pom_TestCases.LoginPageTestCases" name="verify_Login_with_Wrong_Cradancial1" time="0.0">
    <ignored/>
  </testcase> <!-- verify_Login_with_Wrong_Cradancial1 -->
  <testcase classname="org.pom_TestCases.LoginPageTestCases" name="verify_Login_with_correct_Cradancial" time="0.0">
    <ignored/>
  </testcase> <!-- verify_Login_with_correct_Cradancial -->
  <testcase classname="org.pom_TestCases.LoginPageTestCases" name="verify_Loginpage_in_forgotpasswordLink" time="0.0">
    <ignored/>
  </testcase> <!-- verify_Loginpage_in_forgotpasswordLink -->
  <testcase classname="org.pom_TestCases.LoginPageTestCases" name="verify_Loginpage_placeholders" time="0.0">
    <ignored/>
  </testcase> <!-- verify_Loginpage_placeholders -->
</testsuite> <!-- Default test -->
