<?xml version="1.0" encoding="UTF-8"?>
<!-- Generated by org.testng.reporters.JUnitXMLReporter -->
<testsuite ignored="8" hostname="YCSLAP0921" failures="0" tests="1" name="testng" time="8.464" errors="0" timestamp="2024-06-12T17:00:21 IST">
  <testcase classname="org.pom_TestCases.LoginPageTestCases" name="verifyLoginPage" time="0.449"/>
  <testcase classname="org.pom_TestCases.LoginPageTestCases" name="verify_Loginpage_forget_password_cancal" time="0.0">
    <ignored/>
  </testcase> <!-- verify_Loginpage_forget_password_cancal -->
  <testcase classname="org.pom_TestCases.LoginPageTestCases" name="verify_Login_with_Wrong_Cradancial" time="0.0">
    <ignored/>
  </testcase> <!-- verify_Login_with_Wrong_Cradancial -->
  <testcase classname="org.pom_TestCases.LoginPageTestCases" name="verify_Loginpage_placeholders" time="0.0">
    <ignored/>
  </testcase> <!-- verify_Loginpage_placeholders -->
  <testcase classname="org.pom_TestCases.LoginPageTestCases" name="verify_Loginpage_forget_password" time="0.0">
    <ignored/>
  </testcase> <!-- verify_Loginpage_forget_password -->
  <testcase classname="org.pom_TestCases.LoginPageTestCases" name="verify_Loginpage_in_forgotpasswordLink" time="0.0">
    <ignored/>
  </testcase> <!-- verify_Loginpage_in_forgotpasswordLink -->
  <testcase classname="org.pom_TestCases.LoginPageTestCases" name="verify_Login_with_Wrong_Cradancial1" time="0.0">
    <ignored/>
  </testcase> <!-- verify_Login_with_Wrong_Cradancial1 -->
  <testcase classname="org.pom_TestCases.LoginPageTestCases" name="verify_Login_with_correct_Cradancial" time="0.0">
    <ignored/>
  </testcase> <!-- verify_Login_with_correct_Cradancial -->
  <testcase classname="org.pom_TestCases.LoginPageTestCases" name="verify_Login_with_Wrong_Cradancial2" time="0.0">
    <ignored/>
  </testcase> <!-- verify_Login_with_Wrong_Cradancial2 -->
</testsuite> <!-- testng -->
