<?xml version="1.0" encoding="UTF-8"?>
<!-- Generated by org.testng.reporters.JUnitXMLReporter -->
<testsuite ignored="7" hostname="DESKTOP-1H5GCMD" failures="0" tests="2" name="Test" time="58.852" errors="0" timestamp="2024-07-10T21:11:33 IST">
  <testcase classname="org.pom_TestCases.LoginPageTestCases" name="verifyLoginPage" time="5.333"/>
  <testcase classname="org.pom_TestCases.LoginPageTestCases" name="verify_Loginpage_placeholders" time="4.395"/>
  <testcase classname="org.pom_TestCases.LoginPageTestCases" name="verify_Loginpage_in_forgotpasswordLink" time="0.0">
    <ignored/>
  </testcase> <!-- verify_Loginpage_in_forgotpasswordLink -->
  <testcase classname="org.pom_TestCases.LoginPageTestCases" name="verify_Login_with_Wrong_Cradancial" time="0.0">
    <ignored/>
  </testcase> <!-- verify_Login_with_Wrong_Cradancial -->
  <testcase classname="org.pom_TestCases.LoginPageTestCases" name="verify_Login_with_correct_Cradancial" time="0.0">
    <ignored/>
  </testcase> <!-- verify_Login_with_correct_Cradancial -->
  <testcase classname="org.pom_TestCases.LoginPageTestCases" name="verify_Login_with_Wrong_Cradancial1" time="0.0">
    <ignored/>
  </testcase> <!-- verify_Login_with_Wrong_Cradancial1 -->
  <testcase classname="org.pom_TestCases.LoginPageTestCases" name="verify_Login_with_Wrong_Cradancial2" time="0.0">
    <ignored/>
  </testcase> <!-- verify_Login_with_Wrong_Cradancial2 -->
  <testcase classname="org.pom_TestCases.LoginPageTestCases" name="verify_Loginpage_forget_password" time="0.0">
    <ignored/>
  </testcase> <!-- verify_Loginpage_forget_password -->
  <testcase classname="org.pom_TestCases.LoginPageTestCases" name="verify_Loginpage_forget_password_cancal" time="0.0">
    <ignored/>
  </testcase> <!-- verify_Loginpage_forget_password_cancal -->
</testsuite> <!-- Test -->
