<?xml version="1.0" encoding="UTF-8"?>
<testng-results ignored="0" total="1" passed="0" failed="1" skipped="0">
  <reporter-output>
  </reporter-output>
  <suite started-at="2024-05-21T11:47:28 IST" name="Suite" finished-at="2024-05-21T11:48:08 IST" duration-ms="40710">
    <groups>
    </groups>
    <test started-at="2024-05-21T11:47:28 IST" name="Test" finished-at="2024-05-21T11:48:08 IST" duration-ms="40710">
      <class name="org.pom_TestCases.LoginPageTestCases">
        <test-method is-config="true" signature="initBrowser()[pri:0, instance:org.pom_TestCases.LoginPageTestCases@6e20b53a]" started-at="2024-05-21T11:47:28 IST" name="initBrowser" finished-at="2024-05-21T11:47:37 IST" duration-ms="9724" status="PASS">
          <reporter-output>
          </reporter-output>
        </test-method> <!-- initBrowser -->
        <test-method signature="verifyLoginPage()[pri:0, instance:org.pom_TestCases.LoginPageTestCases@6e20b53a]" started-at="2024-05-21T11:47:37 IST" name="verifyLoginPage" finished-at="2024-05-21T11:48:08 IST" duration-ms="30933" status="FAIL">
          <exception class="org.openqa.selenium.TimeoutException">
            <message>
              <![CDATA[Expected condition failed: waiting for visibility of element located by By.xpath: //span[contains(text(),'Friends')] (tried for 20 second(s) with 500 milliseconds interval)
Build info: version: '4.11.0', revision: '040bc5406b'
System info: os.name: 'Windows 10', os.arch: 'amd64', os.version: '10.0', java.version: '17.0.10'
Driver info: org.openqa.selenium.chrome.ChromeDriver
Capabilities {acceptInsecureCerts: false, browserName: chrome, browserVersion: 125.0.6422.61, chrome: {chromedriverVersion: 125.0.6422.60 (3ac3319bff9f..., userDataDir: C:\Users\nikhil.p\AppData\L...}, fedcm:accounts: true, goog:chromeOptions: {debuggerAddress: localhost:59213}, networkConnectionEnabled: false, pageLoadStrategy: normal, platformName: windows, proxy: Proxy(), se:cdp: ws://localhost:59213/devtoo..., se:cdpVersion: 125.0.6422.61, setWindowRect: true, strictFileInteractability: false, timeouts: {implicit: 0, pageLoad: 300000, script: 30000}, unhandledPromptBehavior: dismiss and notify, webauthn:extension:credBlob: true, webauthn:extension:largeBlob: true, webauthn:extension:minPinLength: true, webauthn:extension:prf: true, webauthn:virtualAuthenticators: true}
Session ID: 8e4300c15f53776f212becb5b94a808f]]>
            </message>
            <full-stacktrace>
              <![CDATA[org.openqa.selenium.TimeoutException: Expected condition failed: waiting for visibility of element located by By.xpath: //span[contains(text(),'Friends')] (tried for 20 second(s) with 500 milliseconds interval)
Build info: version: '4.11.0', revision: '040bc5406b'
System info: os.name: 'Windows 10', os.arch: 'amd64', os.version: '10.0', java.version: '17.0.10'
Driver info: org.openqa.selenium.chrome.ChromeDriver
Capabilities {acceptInsecureCerts: false, browserName: chrome, browserVersion: 125.0.6422.61, chrome: {chromedriverVersion: 125.0.6422.60 (3ac3319bff9f..., userDataDir: C:\Users\nikhil.p\AppData\L...}, fedcm:accounts: true, goog:chromeOptions: {debuggerAddress: localhost:59213}, networkConnectionEnabled: false, pageLoadStrategy: normal, platformName: windows, proxy: Proxy(), se:cdp: ws://localhost:59213/devtoo..., se:cdpVersion: 125.0.6422.61, setWindowRect: true, strictFileInteractability: false, timeouts: {implicit: 0, pageLoad: 300000, script: 30000}, unhandledPromptBehavior: dismiss and notify, webauthn:extension:credBlob: true, webauthn:extension:largeBlob: true, webauthn:extension:minPinLength: true, webauthn:extension:prf: true, webauthn:virtualAuthenticators: true}
Session ID: 8e4300c15f53776f212becb5b94a808f
at org.openqa.selenium.support.ui.WebDriverWait.timeoutException(WebDriverWait.java:84)
at org.openqa.selenium.support.ui.FluentWait.until(FluentWait.java:230)
at org.WaitUtility.WaitGenericMethod.waitForVisibilityByType(WaitGenericMethod.java:156)
at org.pom_Pages.LoginPage.isFriendsTxt_Display(LoginPage.java:70)
at org.pom_TestCases.LoginPageTestCases.verifyLoginPage(LoginPageTestCases.java:39)
at java.base/jdk.internal.reflect.NativeMethodAccessorImpl.invoke0(Native Method)
at java.base/jdk.internal.reflect.NativeMethodAccessorImpl.invoke(NativeMethodAccessorImpl.java:77)
at java.base/jdk.internal.reflect.DelegatingMethodAccessorImpl.invoke(DelegatingMethodAccessorImpl.java:43)
at java.base/java.lang.reflect.Method.invoke(Method.java:568)
at org.testng.internal.invokers.MethodInvocationHelper.invokeMethod(MethodInvocationHelper.java:139)
at org.testng.internal.invokers.TestInvoker.invokeMethod(TestInvoker.java:677)
at org.testng.internal.invokers.TestInvoker.invokeTestMethod(TestInvoker.java:221)
at org.testng.internal.invokers.MethodRunner.runInSequence(MethodRunner.java:50)
at org.testng.internal.invokers.TestInvoker$MethodInvocationAgent.invoke(TestInvoker.java:969)
at org.testng.internal.invokers.TestInvoker.invokeTestMethods(TestInvoker.java:194)
at org.testng.internal.invokers.TestMethodWorker.invokeTestMethods(TestMethodWorker.java:148)
at org.testng.internal.invokers.TestMethodWorker.run(TestMethodWorker.java:128)
at java.base/java.util.ArrayList.forEach(ArrayList.java:1511)
at org.testng.TestRunner.privateRun(TestRunner.java:829)
at org.testng.TestRunner.run(TestRunner.java:602)
at org.testng.SuiteRunner.runTest(SuiteRunner.java:437)
at org.testng.SuiteRunner.runSequentially(SuiteRunner.java:431)
at org.testng.SuiteRunner.privateRun(SuiteRunner.java:391)
at org.testng.SuiteRunner.run(SuiteRunner.java:330)
at org.testng.SuiteRunnerWorker.runSuite(SuiteRunnerWorker.java:52)
at org.testng.SuiteRunnerWorker.run(SuiteRunnerWorker.java:95)
at org.testng.TestNG.runSuitesSequentially(TestNG.java:1256)
at org.testng.TestNG.runSuitesLocally(TestNG.java:1176)
at org.testng.TestNG.runSuites(TestNG.java:1099)
at org.testng.TestNG.run(TestNG.java:1067)
at org.apache.maven.surefire.testng.TestNGExecutor.run(TestNGExecutor.java:324)
at org.apache.maven.surefire.testng.TestNGXmlTestSuite.execute(TestNGXmlTestSuite.java:74)
at org.apache.maven.surefire.testng.TestNGProvider.invoke(TestNGProvider.java:123)
at org.apache.maven.surefire.booter.ForkedBooter.runSuitesInProcess(ForkedBooter.java:456)
at org.apache.maven.surefire.booter.ForkedBooter.execute(ForkedBooter.java:169)
at org.apache.maven.surefire.booter.ForkedBooter.run(ForkedBooter.java:595)
at org.apache.maven.surefire.booter.ForkedBooter.main(ForkedBooter.java:581)
]]>
            </full-stacktrace>
          </exception> <!-- org.openqa.selenium.TimeoutException -->
          <reporter-output>
          </reporter-output>
        </test-method> <!-- verifyLoginPage -->
        <test-method is-config="true" signature="closeBrowser()[pri:0, instance:org.pom_TestCases.LoginPageTestCases@6e20b53a]" started-at="2024-05-21T11:48:08 IST" name="closeBrowser" finished-at="2024-05-21T11:48:08 IST" duration-ms="1" status="PASS">
          <reporter-output>
          </reporter-output>
        </test-method> <!-- closeBrowser -->
      </class> <!-- org.pom_TestCases.LoginPageTestCases -->
    </test> <!-- Test -->
  </suite> <!-- Suite -->
</testng-results>
