<?xml version="1.0" encoding="UTF-8"?>
<testng-results ignored="7" total="9" passed="2" failed="0" skipped="0">
  <reporter-output>
  </reporter-output>
  <suite started-at="2024-07-10T21:10:32 IST" name="Suite" finished-at="2024-07-10T21:11:30 IST" duration-ms="58852">
    <groups>
      <group name="Smoke">
        <method signature="LoginPageTestCases.verifyLoginPage()[pri:0, instance:org.pom_TestCases.LoginPageTestCases@6f63b475]" name="verifyLoginPage" class="org.pom_TestCases.LoginPageTestCases"/>
        <method signature="LoginPageTestCases.verify_Loginpage_placeholders()[pri:0, instance:org.pom_TestCases.LoginPageTestCases@6f63b475]" name="verify_Loginpage_placeholders" class="org.pom_TestCases.LoginPageTestCases"/>
      </group> <!-- Smoke -->
    </groups>
    <test started-at="2024-07-10T21:10:32 IST" name="Test" finished-at="2024-07-10T21:11:30 IST" duration-ms="58852">
      <class name="org.pom_TestCases.LoginPageTestCases">
        <test-method is-config="true" signature="initBrowser()[pri:0, instance:org.pom_TestCases.LoginPageTestCases@6f63b475]" started-at="2024-07-10T21:10:32 IST" name="initBrowser" finished-at="2024-07-10T21:11:03 IST" duration-ms="30990" status="PASS">
          <reporter-output>
          </reporter-output>
        </test-method> <!-- initBrowser -->
        <test-method signature="verifyLoginPage()[pri:0, instance:org.pom_TestCases.LoginPageTestCases@6f63b475]" started-at="2024-07-10T21:11:03 IST" name="verifyLoginPage" finished-at="2024-07-10T21:11:08 IST" duration-ms="5333" status="PASS">
          <reporter-output>
          </reporter-output>
        </test-method> <!-- verifyLoginPage -->
        <test-method is-config="true" signature="closeBrowser()[pri:0, instance:org.pom_TestCases.LoginPageTestCases@6f63b475]" started-at="2024-07-10T21:11:08 IST" name="closeBrowser" finished-at="2024-07-10T21:11:09 IST" duration-ms="1034" status="PASS">
          <reporter-output>
          </reporter-output>
        </test-method> <!-- closeBrowser -->
        <test-method is-config="true" signature="initBrowser()[pri:0, instance:org.pom_TestCases.LoginPageTestCases@6f63b475]" started-at="2024-07-10T21:11:09 IST" name="initBrowser" finished-at="2024-07-10T21:11:26 IST" duration-ms="16568" status="PASS">
          <reporter-output>
          </reporter-output>
        </test-method> <!-- initBrowser -->
        <test-method signature="verify_Loginpage_placeholders()[pri:0, instance:org.pom_TestCases.LoginPageTestCases@6f63b475]" started-at="2024-07-10T21:11:26 IST" name="verify_Loginpage_placeholders" finished-at="2024-07-10T21:11:30 IST" duration-ms="4395" status="PASS">
          <reporter-output>
          </reporter-output>
        </test-method> <!-- verify_Loginpage_placeholders -->
        <test-method is-config="true" signature="closeBrowser()[pri:0, instance:org.pom_TestCases.LoginPageTestCases@6f63b475]" started-at="2024-07-10T21:11:30 IST" name="closeBrowser" finished-at="2024-07-10T21:11:30 IST" duration-ms="353" status="PASS">
          <reporter-output>
          </reporter-output>
        </test-method> <!-- closeBrowser -->
      </class> <!-- org.pom_TestCases.LoginPageTestCases -->
    </test> <!-- Test -->
  </suite> <!-- Suite -->
</testng-results>
